0 info it worked if it ends with ok
1 verbose cli [ '/Users/davidgonzalez/.nvm/versions/node/v6.2.1/bin/node',
1 verbose cli   '/Users/davidgonzalez/.nvm/versions/node/v6.2.1/bin/npm',
1 verbose cli   'publish',
1 verbose cli   '--tag',
1 verbose cli   'beta' ]
2 info using npm@3.10.6
3 info using node@v6.2.1
4 verbose publish [ '.' ]
5 verbose stack Error: Failed to parse json
5 verbose stack Unexpected token ' ' at 11:4
5 verbose stack     "type": "git",
5 verbose stack    ^
5 verbose stack     at parseError (/Users/davidgonzalez/.nvm/versions/node/v6.2.1/lib/node_modules/npm/node_modules/read-package-json/read-json.js:390:11)
5 verbose stack     at parseJson (/Users/davidgonzalez/.nvm/versions/node/v6.2.1/lib/node_modules/npm/node_modules/read-package-json/read-json.js:79:23)
5 verbose stack     at /Users/davidgonzalez/.nvm/versions/node/v6.2.1/lib/node_modules/npm/node_modules/read-package-json/read-json.js:48:5
5 verbose stack     at /Users/davidgonzalez/.nvm/versions/node/v6.2.1/lib/node_modules/npm/node_modules/graceful-fs/graceful-fs.js:78:16
5 verbose stack     at tryToString (fs.js:449:3)
5 verbose stack     at FSReqWrap.readFileAfterClose [as oncomplete] (fs.js:436:12)
6 verbose cwd /Users/davidgonzalez/VHX/vhx-js
7 error Darwin 15.6.0
8 error argv "/Users/davidgonzalez/.nvm/versions/node/v6.2.1/bin/node" "/Users/davidgonzalez/.nvm/versions/node/v6.2.1/bin/npm" "publish" "--tag" "beta"
9 error node v6.2.1
10 error npm  v3.10.6
11 error file /Users/davidgonzalez/VHX/vhx-js/package.json
12 error code EJSONPARSE
13 error Failed to parse json
13 error Unexpected token ' ' at 11:4
13 error     "type": "git",
13 error    ^
14 error File: /Users/davidgonzalez/VHX/vhx-js/package.json
15 error Failed to parse package.json data.
15 error package.json must be actual JSON, not just JavaScript.
15 error
15 error This is not a bug in npm.
15 error Tell the package author to fix their package.json file. JSON.parse
16 verbose exit [ 1, true ]
